0 info it worked if it ends with ok
1 verbose cli [ '/usr/bin/node', '/usr/bin/npm', 'install' ]
2 info using npm@3.5.2
3 info using node@v8.10.0
4 silly loadCurrentTree Starting
5 silly install loadCurrentTree
6 silly install readLocalPackageData
7 silly install normalizeTree
8 silly loadCurrentTree Finishing
9 silly loadIdealTree Starting
10 silly install loadIdealTree
11 silly cloneCurrentTree Starting
12 silly install cloneCurrentTreeToIdealTree
13 silly cloneCurrentTree Finishing
14 silly loadShrinkwrap Starting
15 silly install loadShrinkwrap
16 silly loadShrinkwrap Finishing
17 silly loadAllDepsIntoIdealTree Starting
18 silly install loadAllDepsIntoIdealTree
19 silly loadAllDepsIntoIdealTree Finishing
20 silly idealTree:prePrune lyfe@1.0.0
20 silly idealTree:prePrune └── dotenv@8.2.0
21 silly loadIdealTree Finishing
22 silly currentTree lyfe@1.0.0
22 silly currentTree └── dotenv@8.2.0
23 silly idealTree lyfe@1.0.0
23 silly idealTree └── dotenv@8.2.0
24 silly generateActionsToTake Starting
25 silly install generateActionsToTake
26 silly generateActionsToTake Finishing
27 silly diffTrees action count 1
28 silly diffTrees update dotenv@8.2.0
29 silly decomposeActions action count 8
30 silly decomposeActions fetch dotenv@8.2.0
31 silly decomposeActions extract dotenv@8.2.0
32 silly decomposeActions test dotenv@8.2.0
33 silly decomposeActions preinstall dotenv@8.2.0
34 silly decomposeActions build dotenv@8.2.0
35 silly decomposeActions install dotenv@8.2.0
36 silly decomposeActions postinstall dotenv@8.2.0
37 silly decomposeActions finalize dotenv@8.2.0
38 silly executeActions Starting
39 silly install executeActions
40 silly doSerial global-install 0
41 silly doParallel fetch 1
42 verbose lock using /home/avwede/.npm/_locks/staging-2de7ce1e21f5ad81.lock for /mnt/c/Users/avwed/Desktop/LYFE/LYFE/node_modules/.staging
43 silly doParallel extract 1
44 silly extract dotenv@8.2.0
45 silly addNamed dotenv@8.2.0
46 verbose addNamed "8.2.0" is a plain semver version for dotenv
47 silly mapToRegistry name dotenv
48 silly mapToRegistry using default registry
49 silly mapToRegistry registry https://registry.npmjs.org/
50 silly mapToRegistry uri https://registry.npmjs.org/dotenv
51 verbose addNameVersion registry:https://registry.npmjs.org/dotenv not in flight; fetching
52 verbose request uri https://registry.npmjs.org/dotenv
53 verbose request no auth needed
54 info attempt registry request try #1 at 10:08:04 PM
55 verbose request id 73e1ecf0d1c3d7e5
56 http request GET https://registry.npmjs.org/dotenv
57 http 200 https://registry.npmjs.org/dotenv
58 verbose headers { date: 'Wed, 17 Mar 2021 02:08:04 GMT',
58 verbose headers   'content-type': 'application/json',
58 verbose headers   'transfer-encoding': 'chunked',
58 verbose headers   connection: 'keep-alive',
58 verbose headers   'set-cookie':
58 verbose headers    [ '__cfduid=dcfd3b1363ac2e80f9aaceed10c0a843e1615946884; expires=Fri, 16-Apr-21 02:08:04 GMT; path=/; domain=.npmjs.org; HttpOnly; SameSite=Lax' ],
58 verbose headers   'cf-ray': '6312abdb5ce1370a-MIA',
58 verbose headers   age: '1623',
58 verbose headers   'cache-control': 'public, max-age=300',
58 verbose headers   etag: 'W/"c1bb45a91721f3e693562052bd20ae2e"',
58 verbose headers   'last-modified': 'Mon, 01 Mar 2021 16:37:01 GMT',
58 verbose headers   vary: 'accept-encoding, accept',
58 verbose headers   'cf-cache-status': 'HIT',
58 verbose headers   'cf-request-id': '08df89bd180000370af19d9000000001',
58 verbose headers   'expect-ct': 'max-age=604800, report-uri="https://report-uri.cloudflare.com/cdn-cgi/beacon/expect-ct"',
58 verbose headers   server: 'cloudflare',
58 verbose headers   'content-encoding': 'gzip' }
59 silly get cb [ 200,
59 silly get   { date: 'Wed, 17 Mar 2021 02:08:04 GMT',
59 silly get     'content-type': 'application/json',
59 silly get     'transfer-encoding': 'chunked',
59 silly get     connection: 'keep-alive',
59 silly get     'set-cookie':
59 silly get      [ '__cfduid=dcfd3b1363ac2e80f9aaceed10c0a843e1615946884; expires=Fri, 16-Apr-21 02:08:04 GMT; path=/; domain=.npmjs.org; HttpOnly; SameSite=Lax' ],
59 silly get     'cf-ray': '6312abdb5ce1370a-MIA',
59 silly get     age: '1623',
59 silly get     'cache-control': 'public, max-age=300',
59 silly get     etag: 'W/"c1bb45a91721f3e693562052bd20ae2e"',
59 silly get     'last-modified': 'Mon, 01 Mar 2021 16:37:01 GMT',
59 silly get     vary: 'accept-encoding, accept',
59 silly get     'cf-cache-status': 'HIT',
59 silly get     'cf-request-id': '08df89bd180000370af19d9000000001',
59 silly get     'expect-ct': 'max-age=604800, report-uri="https://report-uri.cloudflare.com/cdn-cgi/beacon/expect-ct"',
59 silly get     server: 'cloudflare',
59 silly get     'content-encoding': 'gzip' } ]
60 verbose get saving dotenv to /home/avwede/.npm/registry.npmjs.org/dotenv/.cache.json
61 silly mapToRegistry name dotenv
62 silly mapToRegistry using default registry
63 silly mapToRegistry registry https://registry.npmjs.org/
64 silly mapToRegistry uri https://registry.npmjs.org/dotenv
65 verbose addRemoteTarball https://registry.npmjs.org/dotenv/-/dotenv-8.2.0.tgz not in flight; adding
66 verbose addRemoteTarball [ 'https://registry.npmjs.org/dotenv/-/dotenv-8.2.0.tgz',
66 verbose addRemoteTarball   '97e619259ada750eea3e4ea3e26bceea5424b16a' ]
67 info retry fetch attempt 1 at 10:08:04 PM
68 info attempt registry request try #1 at 10:08:04 PM
69 http fetch GET https://registry.npmjs.org/dotenv/-/dotenv-8.2.0.tgz
70 http fetch 200 https://registry.npmjs.org/dotenv/-/dotenv-8.2.0.tgz
71 silly fetchAndShaCheck shasum 97e619259ada750eea3e4ea3e26bceea5424b16a
72 verbose addTmpTarball /tmp/npm-445-6226be37/registry.npmjs.org/dotenv/-/dotenv-8.2.0.tgz not in flight; adding
73 verbose addTmpTarball already have metadata; skipping unpack for dotenv@8.2.0
74 verbose unbuild node_modules/.staging/dotenv-766b09b2
75 silly gentlyRm /mnt/c/Users/avwed/Desktop/LYFE/LYFE/node_modules/.staging/dotenv-766b09b2 is being purged from base /mnt/c/Users/avwed/Desktop/LYFE/LYFE
76 verbose gentlyRm don't care about contents; nuking /mnt/c/Users/avwed/Desktop/LYFE/LYFE/node_modules/.staging/dotenv-766b09b2
77 verbose tar unpack /home/avwede/.npm/dotenv/8.2.0/package.tgz
78 verbose tar unpacking to /mnt/c/Users/avwed/Desktop/LYFE/LYFE/node_modules/.staging/dotenv-766b09b2
79 silly gentlyRm /mnt/c/Users/avwed/Desktop/LYFE/LYFE/node_modules/.staging/dotenv-766b09b2 is being purged
80 verbose gentlyRm don't care about contents; nuking /mnt/c/Users/avwed/Desktop/LYFE/LYFE/node_modules/.staging/dotenv-766b09b2
81 silly gunzTarPerm modes [ '755', '644' ]
82 silly gunzTarPerm extractEntry LICENSE
83 silly gunzTarPerm extractEntry lib/cli-options.js
84 silly gunzTarPerm extractEntry config.js
85 silly gunzTarPerm extractEntry lib/env-options.js
86 silly gunzTarPerm extractEntry lib/main.js
87 silly gunzTarPerm extractEntry package.json
88 silly gunzTarPerm extractEntry types/tsconfig.json
89 silly gunzTarPerm extractEntry types/tslint.json
90 silly gunzTarPerm extractEntry CHANGELOG.md
91 silly gunzTarPerm extractEntry README.md
92 silly gunzTarPerm extractEntry types/index.d.ts
93 silly gunzTarPerm extractEntry types/test.ts
94 silly gentlyRm /mnt/c/Users/avwed/Desktop/LYFE/LYFE/node_modules/.staging/dotenv-766b09b2/node_modules is being purged
95 verbose gentlyRm don't care about contents; nuking /mnt/c/Users/avwed/Desktop/LYFE/LYFE/node_modules/.staging/dotenv-766b09b2/node_modules
96 silly doParallel preinstall 1
97 silly preinstall dotenv@8.2.0 /mnt/c/Users/avwed/Desktop/LYFE/LYFE/node_modules/.staging/dotenv-766b09b2
98 info lifecycle dotenv@8.2.0~preinstall: dotenv@8.2.0
99 silly lifecycle dotenv@8.2.0~preinstall: no script for preinstall, continuing
100 silly doReverseSerial remove 0
101 silly doSerial move 0
102 silly doSerial finalize 1
103 silly finalize /mnt/c/Users/avwed/Desktop/LYFE/LYFE/node_modules/dotenv
104 silly doSerial build 1
105 silly build dotenv@8.2.0
106 info linkStuff dotenv@8.2.0
107 silly linkStuff dotenv@8.2.0 has /mnt/c/Users/avwed/Desktop/LYFE/LYFE/node_modules as its parent node_modules
108 verbose linkBins dotenv@8.2.0
109 verbose linkMans dotenv@8.2.0
110 silly doSerial global-link 0
111 silly doParallel update-linked 0
112 silly doSerial install 1
113 silly install dotenv@8.2.0 /mnt/c/Users/avwed/Desktop/LYFE/LYFE/node_modules/.staging/dotenv-766b09b2
114 info lifecycle dotenv@8.2.0~install: dotenv@8.2.0
115 silly lifecycle dotenv@8.2.0~install: no script for install, continuing
116 silly doSerial postinstall 1
117 silly postinstall dotenv@8.2.0 /mnt/c/Users/avwed/Desktop/LYFE/LYFE/node_modules/.staging/dotenv-766b09b2
118 info lifecycle dotenv@8.2.0~postinstall: dotenv@8.2.0
119 silly lifecycle dotenv@8.2.0~postinstall: no script for postinstall, continuing
120 verbose unlock done using /home/avwede/.npm/_locks/staging-2de7ce1e21f5ad81.lock for /mnt/c/Users/avwed/Desktop/LYFE/LYFE/node_modules/.staging
121 silly executeActions Finishing
122 silly rollbackFailedOptional Starting
123 silly rollbackFailedOptional Finishing
124 silly runTopLevelLifecycles Starting
125 silly install runTopLevelLifecycles
126 silly preinstall lyfe@1.0.0 /mnt/c/Users/avwed/Desktop/LYFE/LYFE/lyfe-7ec10c3e
127 info lifecycle lyfe@1.0.0~preinstall: lyfe@1.0.0
128 silly lifecycle lyfe@1.0.0~preinstall: no script for preinstall, continuing
129 silly build lyfe@1.0.0
130 info linkStuff lyfe@1.0.0
131 silly linkStuff lyfe@1.0.0 has /mnt/c/Users/avwed/Desktop/LYFE as its parent node_modules
132 verbose linkBins lyfe@1.0.0
133 verbose linkMans lyfe@1.0.0
134 silly install lyfe@1.0.0 /mnt/c/Users/avwed/Desktop/LYFE/LYFE/lyfe-7ec10c3e
135 info lifecycle lyfe@1.0.0~install: lyfe@1.0.0
136 verbose lifecycle lyfe@1.0.0~install: unsafe-perm in lifecycle true
137 verbose lifecycle lyfe@1.0.0~install: PATH: /usr/share/npm/bin/node-gyp-bin:/mnt/c/Users/avwed/Desktop/LYFE/LYFE/node_modules/.bin:/home/avwede/.local/bin:/usr/local/sbin:/usr/local/bin:/usr/sbin:/usr/bin:/sbin:/bin:/usr/games:/usr/local/games:/mnt/c/Program Files/WindowsApps/CanonicalGroupLimited.UbuntuonWindows_2004.2021.222.0_x64__79rhkp1fndgsc:/mnt/c/Program Files (x86)/Common Files/Oracle/Java/javapath:/mnt/c/WINDOWS/system32:/mnt/c/WINDOWS:/mnt/c/WINDOWS/System32/Wbem:/mnt/c/WINDOWS/System32/WindowsPowerShell/v1.0/:/mnt/c/WINDOWS/System32/OpenSSH/:/mnt/c/Program Files/Git/cmd:/mnt/c/Program Files/nodejs/:/mnt/c/Users/avwed/AppData/Local/Microsoft/WindowsApps:/mnt/c/Users/avwed/AppData/Local/Programs/Microsoft VS Code/bin:/mnt/c/Program Files/Java/jdk1.8.0_241:/mnt/c/Program Files/JetBrains/PyCharm Community Edition 2019.3.2/bin:/mnt/c/Users/avwed/AppData/Local/Packages/PythonSoftwareFoundation.Python.3.8_qbz5n2kfra8p0/LocalCache/local-packages/Python38/Scripts:/mnt/c/Users/avwed/AppData/Roaming/npm:/snap/bin
138 verbose lifecycle lyfe@1.0.0~install: CWD: /mnt/c/Users/avwed/Desktop/LYFE/LYFE
139 silly lifecycle lyfe@1.0.0~install: Args: [ '-c', 'npm run api-install && npm run client-install' ]
140 silly lifecycle lyfe@1.0.0~install: Returned: code: 1  signal: null
141 info lifecycle lyfe@1.0.0~install: Failed to exec install script
142 warn lyfe@1.0.0 No repository field.
143 verbose stack Error: lyfe@1.0.0 install: `npm run api-install && npm run client-install`
143 verbose stack Exit status 1
143 verbose stack     at EventEmitter.<anonymous> (/usr/share/npm/lib/utils/lifecycle.js:232:16)
143 verbose stack     at emitTwo (events.js:126:13)
143 verbose stack     at EventEmitter.emit (events.js:214:7)
143 verbose stack     at ChildProcess.<anonymous> (/usr/share/npm/lib/utils/spawn.js:24:14)
143 verbose stack     at emitTwo (events.js:126:13)
143 verbose stack     at ChildProcess.emit (events.js:214:7)
143 verbose stack     at maybeClose (internal/child_process.js:925:16)
143 verbose stack     at Process.ChildProcess._handle.onexit (internal/child_process.js:209:5)
144 verbose pkgid lyfe@1.0.0
145 verbose cwd /mnt/c/Users/avwed/Desktop/LYFE/LYFE
146 error Linux 4.4.0-19041-Microsoft
147 error argv "/usr/bin/node" "/usr/bin/npm" "install"
148 error node v8.10.0
149 error npm  v3.5.2
150 error code ELIFECYCLE
151 error lyfe@1.0.0 install: `npm run api-install && npm run client-install`
151 error Exit status 1
152 error Failed at the lyfe@1.0.0 install script 'npm run api-install && npm run client-install'.
152 error Make sure you have the latest version of node.js and npm installed.
152 error If you do, this is most likely a problem with the lyfe package,
152 error not with npm itself.
152 error Tell the author that this fails on your system:
152 error     npm run api-install && npm run client-install
152 error You can get information on how to open an issue for this project with:
152 error     npm bugs lyfe
152 error Or if that isn't available, you can get their info via:
152 error     npm owner ls lyfe
152 error There is likely additional logging output above.
153 verbose exit [ 1, true ]
